#
# There is insufficient memory for the Java Runtime Environment to continue.
# Native memory allocation (mmap) failed to map 264241152 bytes. Error detail: G1 virtual space
# Possible reasons:
#   The system is out of physical RAM or swap space
#   This process is running with CompressedOops enabled, and the Java Heap may be blocking the growth of the native heap
# Possible solutions:
#   Reduce memory load on the system
#   Increase physical memory or swap space
#   Check if swap backing store is full
#   Decrease Java heap size (-Xmx/-Xms)
#   Decrease number of Java threads
#   Decrease Java thread stack sizes (-Xss)
#   Set larger code cache with -XX:ReservedCodeCacheSize=
#   JVM is running with Zero Based Compressed Oops mode in which the Java heap is
#     placed in the first 32GB address space. The Java Heap base address is the
#     maximum limit for the native heap growth. Please use -XX:HeapBaseMinAddress
#     to set the Java Heap base and to place the Java Heap above 32GB virtual address.
# This output file may be truncated or incomplete.
#
#  Out of Memory Error (os_windows.cpp:3925), pid=18364, tid=24352
#
# JRE version:  (21.0.8) (build )
# Java VM: OpenJDK 64-Bit Server VM (21.0.8+-14196175-b1038.72, mixed mode, sharing, tiered, compressed oops, compressed class ptrs, g1 gc, windows-amd64)
# No core dump will be written. Minidumps are not enabled by default on client versions of Windows
#

---------------  S U M M A R Y ------------

Command Line: org.jetbrains.kotlin.cli.jvm.K2JVMCompiler @C:\Users\dwara\AndroidStudioProjects\DropIn\app\build\20260423_9707902349094979742.compiler.options

Host: 12th Gen Intel(R) Core(TM) i5-12450H, 12 cores, 15G,  Windows 11 , 64 bit Build 26100 (10.0.26100.8246)
Time: Thu Apr 23 10:55:19 2026 India Standard Time elapsed time: 2.032959 seconds (0d 0h 0m 2s)

---------------  T H R E A D  ---------------

Current thread (0x0000026ea4d45d30):  JavaThread "Unknown thread" [_thread_in_vm, id=24352, stack(0x000000dee8500000,0x000000dee8600000) (1024K)]

Stack: [0x000000dee8500000,0x000000dee8600000]
Native frames: (J=compiled Java code, j=interpreted, Vv=VM code, C=native code)
V  [jvm.dll+0x6d68d9]
V  [jvm.dll+0x866693]
V  [jvm.dll+0x868c4e]
V  [jvm.dll+0x869333]
V  [jvm.dll+0x280566]
V  [jvm.dll+0x6d3195]
V  [jvm.dll+0x6c69ea]
V  [jvm.dll+0x3586db]
V  [jvm.dll+0x360336]
V  [jvm.dll+0x3b23f6]
V  [jvm.dll+0x3b26c8]
V  [jvm.dll+0x32ae6c]
V  [jvm.dll+0x32bb5b]
V  [jvm.dll+0x82e109]
V  [jvm.dll+0x3bf5c8]
V  [jvm.dll+0x817388]
V  [jvm.dll+0x453b6e]
V  [jvm.dll+0x4552d1]
C  [jli.dll+0x52ab]
C  [ucrtbase.dll+0x37b0]
C  [KERNEL32.DLL+0x2e8d7]
C  [ntdll.dll+0x8c3fc]


---------------  P R O C E S S  ---------------

Threads class SMR info:
_java_thread_list=0x00007ffb9948b988, length=0, elements={
}

Java Threads: ( => current thread )
Total: 0

Other Threads:
  0x0000026ea72100a0 WorkerThread "GC Thread#0"                     [id=19696, stack(0x000000dee8600000,0x000000dee8700000) (1024K)]
  0x0000026ea7221e70 ConcurrentGCThread "G1 Main Marker"            [id=14980, stack(0x000000dee8700000,0x000000dee8800000) (1024K)]
  0x0000026ea7223ed0 WorkerThread "G1 Conc#0"                       [id=19856, stack(0x000000dee8800000,0x000000dee8900000) (1024K)]

[error occurred during error reporting (printing all threads), id 0xc0000005, EXCEPTION_ACCESS_VIOLATION (0xc0000005) at pc=0x00007ffb98c7ddd7]
VM state: not at safepoint (not fully initialized)

VM Mutex/Monitor currently owned by a thread:  ([mutex/lock_event])
[0x00007ffb994f86b8] Heap_lock - owner thread: 0x0000026ea4d45d30

Heap address: 0x0000000705200000, size: 4014 MB, Compressed Oops mode: Zero based, Oop shift amount: 3

CDS archive(s) mapped at: [0x0000000000000000-0x0000000000000000-0x0000000000000000), size 0, SharedBaseAddress: 0x0000000800000000, ArchiveRelocationMode: 1.
Narrow klass base: 0x0000000000000000, Narrow klass shift: 0, Narrow klass range: 0x0

GC Precious Log:
 CardTable entry size: 512
 Card Set container configuration: InlinePtr #cards 4 size 8 Array Of Cards #cards 16 size 48 Howl #buckets 8 coarsen threshold 3686 Howl Bitmap #cards 512 size 80 coarsen threshold 460 Card regions per heap region 1 cards per card region 4096

Heap:
 garbage-first heap   total 0K, used 0K [0x0000000705200000, 0x0000000800000000)
  region size 2048K, 0 young (0K), 0 survivors (0K)
 Metaspace       used 0K, committed 0K, reserved 0K
  class space    used 0K, committed 0K, reserved 0K

Heap Regions: E=young(eden), S=young(survivor), O=old, HS=humongous(starts), HC=humongous(continues), CS=collection set, F=free, TAMS=top-at-mark-start, PB=parsable bottom

Card table byte_map: [0x0000026eba030000,0x0000026eba810000] _byte_map_base: 0x0000026eb6807000

Marking Bits: (CMBitMap*) 0x0000026ea7211ac0
 Bits: [0x0000026eba810000, 0x0000026ebe6c8000)

GC Heap History (0 events):
No events

Dll operation events (1 events):
Event: 0.011 Loaded shared library C:\Program Files\Android\Android Studio\jbr\bin\java.dll

Deoptimization events (0 events):
No events

Classes loaded (0 events):
No events

Classes unloaded (0 events):
No events

Classes redefined (0 events):
No events

Internal exceptions (0 events):
No events

ZGC Phase Switch (0 events):
No events

VM Operations (0 events):
No events

Memory protections (0 events):
No events

Nmethod flushes (0 events):
No events

Events (0 events):
No events


Dynamic libraries:
0x00007ff6f37c0000 - 0x00007ff6f37ca000 	C:\Program Files\Android\Android Studio\jbr\bin\java.exe
0x00007ffc51140000 - 0x00007ffc513a7000 	C:\WINDOWS\SYSTEM32\ntdll.dll
0x00007ffc4fb60000 - 0x00007ffc4fc29000 	C:\WINDOWS\System32\KERNEL32.DLL
0x00007ffc4dac0000 - 0x00007ffc4deb4000 	C:\WINDOWS\System32\KERNELBASE.dll
0x00007ffc4e230000 - 0x00007ffc4e37b000 	C:\WINDOWS\System32\ucrtbase.dll
0x00007ffc46120000 - 0x00007ffc46138000 	C:\Program Files\Android\Android Studio\jbr\bin\jli.dll
0x00007ffc05110000 - 0x00007ffc0512b000 	C:\Program Files\Android\Android Studio\jbr\bin\VCRUNTIME140.dll
0x00007ffc50e10000 - 0x00007ffc50fd5000 	C:\WINDOWS\System32\USER32.dll
0x00007ffc4e4b0000 - 0x00007ffc4e4d7000 	C:\WINDOWS\System32\win32u.dll
0x00007ffc2c850000 - 0x00007ffc2cae3000 	C:\WINDOWS\WinSxS\amd64_microsoft.windows.common-controls_6595b64144ccf1df_6.0.26100.8115_none_3e075c82e3354f9c\COMCTL32.dll
0x00007ffc4f0c0000 - 0x00007ffc4f0eb000 	C:\WINDOWS\System32\GDI32.dll
0x00007ffc50d60000 - 0x00007ffc50e09000 	C:\WINDOWS\System32\msvcrt.dll
0x00007ffc4e380000 - 0x00007ffc4e4ab000 	C:\WINDOWS\System32\gdi32full.dll
0x00007ffc4da10000 - 0x00007ffc4dab3000 	C:\WINDOWS\System32\msvcp_win.dll
0x00007ffc50430000 - 0x00007ffc50462000 	C:\WINDOWS\System32\IMM32.DLL
0x00007ffc43da0000 - 0x00007ffc43dac000 	C:\Program Files\Android\Android Studio\jbr\bin\vcruntime140_1.dll
0x00007ffc0d870000 - 0x00007ffc0d8fd000 	C:\Program Files\Android\Android Studio\jbr\bin\msvcp140.dll
0x00007ffb98940000 - 0x00007ffb995d6000 	C:\Program Files\Android\Android Studio\jbr\bin\server\jvm.dll
0x00007ffc4f000000 - 0x00007ffc4f0b6000 	C:\WINDOWS\System32\ADVAPI32.dll
0x00007ffc4f0f0000 - 0x00007ffc4f197000 	C:\WINDOWS\System32\sechost.dll
0x00007ffc4eed0000 - 0x00007ffc4efe8000 	C:\WINDOWS\System32\RPCRT4.dll
0x00007ffc4f2a0000 - 0x00007ffc4f320000 	C:\WINDOWS\System32\WS2_32.dll
0x00007ffc4cf30000 - 0x00007ffc4cf8e000 	C:\WINDOWS\SYSTEM32\POWRPROF.dll
0x00007ffc439e0000 - 0x00007ffc439eb000 	C:\WINDOWS\SYSTEM32\VERSION.dll
0x00007ffc3aff0000 - 0x00007ffc3b026000 	C:\WINDOWS\SYSTEM32\WINMM.dll
0x00007ffc4cee0000 - 0x00007ffc4cef4000 	C:\WINDOWS\SYSTEM32\UMPDC.dll
0x00007ffc4c790000 - 0x00007ffc4c7ab000 	C:\WINDOWS\SYSTEM32\kernel.appcore.dll
0x00007ffc05100000 - 0x00007ffc0510a000 	C:\Program Files\Android\Android Studio\jbr\bin\jimage.dll
0x00007ffc4ba00000 - 0x00007ffc4bc42000 	C:\WINDOWS\SYSTEM32\DBGHELP.DLL
0x00007ffc50660000 - 0x00007ffc509e2000 	C:\WINDOWS\System32\combase.dll
0x00007ffc4fec0000 - 0x00007ffc4ff98000 	C:\WINDOWS\System32\OLEAUT32.dll
0x00007ffc1ea70000 - 0x00007ffc1eaab000 	C:\WINDOWS\SYSTEM32\dbgcore.DLL
0x00007ffc4e030000 - 0x00007ffc4e0d5000 	C:\WINDOWS\System32\bcryptPrimitives.dll
0x00007ffc050e0000 - 0x00007ffc05100000 	C:\Program Files\Android\Android Studio\jbr\bin\java.dll

JVMTI agents: none

dbghelp: loaded successfully - version: 4.0.5 - missing functions: none
symbol engine: initialized successfully - sym options: 0x614 - pdb path: .;C:\Program Files\Android\Android Studio\jbr\bin;C:\WINDOWS\SYSTEM32;C:\WINDOWS\WinSxS\amd64_microsoft.windows.common-controls_6595b64144ccf1df_6.0.26100.8115_none_3e075c82e3354f9c;C:\Program Files\Android\Android Studio\jbr\bin\server

VM Arguments:
java_command: org.jetbrains.kotlin.cli.jvm.K2JVMCompiler @C:\Users\dwara\AndroidStudioProjects\DropIn\app\build\20260423_9707902349094979742.compiler.options
java_class_path (initial): C:\Users\dwara\.gradle\caches\modules-2\files-2.1\org.jetbrains.kotlin\kotlin-compiler-embeddable\1.9.23\460f3eeb4ac5383e60a09898bafa9b63838cc2ea\kotlin-compiler-embeddable-1.9.23.jar;C:\Users\dwara\.gradle\caches\modules-2\files-2.1\org.jetbrains.kotlin\kotlin-stdlib\1.9.23\dbaadea1f5e68f790d242a91a38355a83ec38747\kotlin-stdlib-1.9.23.jar;C:\Users\dwara\.gradle\caches\modules-2\files-2.1\org.jetbrains.kotlin\kotlin-script-runtime\1.9.23\1375a7343d05891119fac57f8b50a7578420ac27\kotlin-script-runtime-1.9.23.jar;C:\Users\dwara\.gradle\caches\modules-2\files-2.1\org.jetbrains.kotlin\kotlin-reflect\1.6.10\1cbe9c92c12a94eea200d23c2bbaedaf3daf5132\kotlin-reflect-1.6.10.jar;C:\Users\dwara\.gradle\caches\modules-2\files-2.1\org.jetbrains.kotlin\kotlin-daemon-embeddable\1.9.23\a6ad5e888015dc4f9eb828ea753167f256093c6a\kotlin-daemon-embeddable-1.9.23.jar;C:\Users\dwara\.gradle\caches\modules-2\files-2.1\org.jetbrains.intellij.deps\trove4j\1.0.20200330\3afb14d5f9ceb459d724e907a21145e8ff394f02\trove4j-1.0.20200330.jar;C:\Users\dwara\.gradle\caches\modules-2\files-2.1\org.jetbrains\annotations\13.0\919f0dfe192fb4e063e7dacadee7f8bb9a2672a9\annotations-13.0.jar
Launcher Type: SUN_STANDARD

[Global flags]
     intx CICompilerCount                          = 4                                         {product} {ergonomic}
     uint ConcGCThreads                            = 3                                         {product} {ergonomic}
     uint G1ConcRefinementThreads                  = 10                                        {product} {ergonomic}
   size_t G1HeapRegionSize                         = 2097152                                   {product} {ergonomic}
    uintx GCDrainStackTargetSize                   = 64                                        {product} {ergonomic}
   size_t InitialHeapSize                          = 264241152                                 {product} {ergonomic}
   size_t MarkStackSize                            = 4194304                                   {product} {ergonomic}
   size_t MaxHeapSize                              = 4208984064                                {product} {ergonomic}
   size_t MinHeapDeltaBytes                        = 2097152                                   {product} {ergonomic}
   size_t MinHeapSize                              = 8388608                                   {product} {ergonomic}
    uintx NonNMethodCodeHeapSize                   = 5839372                                {pd product} {ergonomic}
    uintx NonProfiledCodeHeapSize                  = 122909434                              {pd product} {ergonomic}
    uintx ProfiledCodeHeapSize                     = 122909434                              {pd product} {ergonomic}
    uintx ReservedCodeCacheSize                    = 251658240                              {pd product} {ergonomic}
     bool SegmentedCodeCache                       = true                                      {product} {ergonomic}
   size_t SoftMaxHeapSize                          = 4208984064                             {manageable} {ergonomic}
     bool UseCompressedOops                        = true                           {product lp64_product} {ergonomic}
     bool UseG1GC                                  = true                                      {product} {ergonomic}
     bool UseLargePagesIndividualAllocation        = false                                  {pd product} {ergonomic}

Logging:
Log output configuration:
 #0: stdout all=warning uptime,level,tags foldmultilines=false
 #1: stderr all=off uptime,level,tags foldmultilines=false

Environment Variables:
CLASSPATH=.;C:\libs\postgresql-42.7.8.jar
PATH=C:\Program Files\Common Files\Oracle\Java\javapath;C:\Program Files (x86)\Common Files\Intel\Shared Libraries\redist\intel64\compiler;C:\windows\system32;C:\windows;C:\windows\System32\Wbem;C:\windows\System32\WindowsPowerShell\v1.0\;C:\windows\System32\OpenSSH\;C:\Program Files (x86)\NVIDIA Corporation\PhysX\Common;C:\Program Files\NVIDIA Corporation\NVIDIA NvDLISR;C:\Program Files\dotnet\;C:\WINDOWS\system32;C:\WINDOWS;C:\WINDOWS\System32\Wbem;C:\WINDOWS\System32\WindowsPowerShell\v1.0\;C:\WINDOWS\System32\OpenSSH\;C:\Program Files\Tesseract-OCR;C:\Program Files\Git\cmd;C:\Program Files\nodejs\;C:\Users\dwara\Downloads\apache-maven-3.9.12-bin\apache-maven-3.9.12\bin;C:\Users\dwara\AppData\Local\Programs\Python\Python310\Scripts\;C:\Users\dwara\AppData\Local\Programs\Python\Python310\;C:\Users\dwara\AppData\Local\Programs\Python\Python312\Scripts\;C:\Users\dwara\AppData\Local\Programs\Python\Python312\;C:\Users\dwara\AppData\Local\Programs\Python\Launcher\;C:\Users\dwara\AppData\Local\Microsoft\WindowsApps;C:\Users\dwara\AppData\Local\Programs\Microsoft VS Code\bin;C:\Program Files\Tesseract-OCR;C:\Program Files\Git\cmd;C:\Program Files\Git\bin;C:\Users\dwara\AppData\Roaming\npm;C:\Users\dwara\.bun\bin;C:\Users\dwara\AppData\Local\Programs\cursor\resources\app\bin;C:\Users\dwara\AppData\Local\Programs\Antigravity\bin
USERNAME=dwara
OS=Windows_NT
PROCESSOR_IDENTIFIER=Intel64 Family 6 Model 154 Stepping 3, GenuineIntel
TMP=C:\Users\dwara\AppData\Local\Temp
TEMP=C:\Users\dwara\AppData\Local\Temp




Periodic native trim disabled

JNI global refs:
JNI global refs: 0, weak refs: 0

JNI global refs memory usage: 0, weak refs: 0

Process memory usage:
Resident Set Size: 13404K (0% of 16437400K total physical memory with 5435452K free physical memory)

OOME stack traces (most recent first):
Classloader memory used:

---------------  S Y S T E M  ---------------

OS:
 Windows 11 , 64 bit Build 26100 (10.0.26100.8246)
OS uptime: 0 days 0:40 hours
Hyper-V role detected

CPU: total 12 (initial active 12) (6 cores per cpu, 2 threads per core) family 6 model 154 stepping 3 microcode 0x434, cx8, cmov, fxsr, ht, mmx, 3dnowpref, sse, sse2, sse3, ssse3, sse4.1, sse4.2, popcnt, lzcnt, tsc, tscinvbit, avx, avx2, aes, erms, clmul, bmi1, bmi2, adx, sha, fma, vzeroupper, clflush, clflushopt, clwb, hv, serialize, rdtscp, rdpid, fsrm, f16c, cet_ibt, cet_ss
Processor Information for processor 0
  Max Mhz: 2000, Current Mhz: 2000, Mhz Limit: 2000
Processor Information for processor 1
  Max Mhz: 2000, Current Mhz: 2000, Mhz Limit: 2000
Processor Information for processor 2
  Max Mhz: 2000, Current Mhz: 2000, Mhz Limit: 2000
Processor Information for processor 3
  Max Mhz: 2000, Current Mhz: 2000, Mhz Limit: 2000
Processor Information for processor 4
  Max Mhz: 2000, Current Mhz: 2000, Mhz Limit: 2000
Processor Information for processor 5
  Max Mhz: 2000, Current Mhz: 2000, Mhz Limit: 2000
Processor Information for processor 6
  Max Mhz: 2000, Current Mhz: 2000, Mhz Limit: 2000
Processor Information for processor 7
  Max Mhz: 2000, Current Mhz: 2000, Mhz Limit: 2000
Processor Information for processor 8
  Max Mhz: 2000, Current Mhz: 2000, Mhz Limit: 2000
Processor Information for processor 9
  Max Mhz: 2000, Current Mhz: 2000, Mhz Limit: 2000
Processor Information for processor 10
  Max Mhz: 2000, Current Mhz: 2000, Mhz Limit: 2000
Processor Information for processor 11
  Max Mhz: 2000, Current Mhz: 1466, Mhz Limit: 2000

Memory: 4k page, system-wide physical 16052M (5308M free)
TotalPageFile size 16052M (AvailPageFile size 86M)
current process WorkingSet (physical memory assigned to process): 13M, peak: 13M
current process commit charge ("private bytes"): 64M, peak: 316M

vm_info: OpenJDK 64-Bit Server VM (21.0.8+-14196175-b1038.72) for windows-amd64 JRE (21.0.8+-14196175-b1038.72), built on 2025-10-01T10:24:33Z by "builder" with MS VC++ 16.10 / 16.11 (VS2019)

END.
